1525159721213	geckodriver	INFO	geckodriver 0.20.1
1525159721222	geckodriver	INFO	Listening on 127.0.0.1:59949
1525159722237	mozrunner::runner	INFO	Running command: "/Applications/Firefox.app/Contents/MacOS/firefox-bin" "-marionette" "-profile" "/var/folders/7x/r00xlhb55xb1n4cql7t_2q8w0000gn/T/rust_mozprofile.BB9r82T6aMHe"
1525159722880	Marionette	INFO	Enabled via --marionette
2018-05-01 15:28:43.908 plugin-container[54628:15567200] *** CFMessagePort: bootstrap_register(): failed 1100 (0x44c) 'Permission denied', port = 0x7a2f, name = 'com.apple.tsm.portname'
See /usr/include/servers/bootstrap_defs.h for the error codes.
1525159724366	Marionette	INFO	Listening on port 59962
1525159724462	Marionette	WARN	TLS certificate errors will be ignored for this session
2018-05-01 15:28:44.712 plugin-container[54629:15567301] *** CFMessagePort: bootstrap_register(): failed 1100 (0x44c) 'Permission denied', port = 0x7603, name = 'com.apple.tsm.portname'
See /usr/include/servers/bootstrap_defs.h for the error codes.
1525160436255	geckodriver	INFO	geckodriver 0.20.1
1525160436264	geckodriver	INFO	Listening on 127.0.0.1:62224
1525160437263	mozrunner::runner	INFO	Running command: "/Applications/Firefox.app/Contents/MacOS/firefox-bin" "-marionette" "-profile" "/var/folders/7x/r00xlhb55xb1n4cql7t_2q8w0000gn/T/rust_mozprofile.Y8cRWeyiKmaa"
1525160437846	Marionette	INFO	Enabled via --marionette
2018-05-01 15:40:38.679 plugin-container[54817:15588156] *** CFMessagePort: bootstrap_register(): failed 1100 (0x44c) 'Permission denied', port = 0x8503, name = 'com.apple.tsm.portname'
See /usr/include/servers/bootstrap_defs.h for the error codes.
1525160439114	Marionette	INFO	Listening on port 62231
1525160439136	Marionette	WARN	TLS certificate errors will be ignored for this session
2018-05-01 15:40:39.534 plugin-container[54821:15588265] *** CFMessagePort: bootstrap_register(): failed 1100 (0x44c) 'Permission denied', port = 0x813b, name = 'com.apple.tsm.portname'
See /usr/include/servers/bootstrap_defs.h for the error codes.
1525161177741	geckodriver	INFO	geckodriver 0.20.1
1525161177749	geckodriver	INFO	Listening on 127.0.0.1:64503
1525161178753	mozrunner::runner	INFO	Running command: "/Applications/Firefox.app/Contents/MacOS/firefox-bin" "-marionette" "-profile" "/var/folders/7x/r00xlhb55xb1n4cql7t_2q8w0000gn/T/rust_mozprofile.KTNZNuaCdT3V"
1525161179236	Marionette	INFO	Enabled via --marionette
2018-05-01 15:53:00.170 plugin-container[55010:15613835] *** CFMessagePort: bootstrap_register(): failed 1100 (0x44c) 'Permission denied', port = 0x803b, name = 'com.apple.tsm.portname'
See /usr/include/servers/bootstrap_defs.h for the error codes.
1525161180494	Marionette	INFO	Listening on port 64514
1525161180524	Marionette	WARN	TLS certificate errors will be ignored for this session
2018-05-01 15:53:01.028 plugin-container[55011:15613996] *** CFMessagePort: bootstrap_register(): failed 1100 (0x44c) 'Permission denied', port = 0x8403, name = 'com.apple.tsm.portname'
See /usr/include/servers/bootstrap_defs.h for the error codes.
2018-05-01 15:53:43.734 plugin-container[55025:15617378] *** CFMessagePort: bootstrap_register(): failed 1100 (0x44c) 'Permission denied', port = 0x813f, name = 'com.apple.tsm.portname'
See /usr/include/servers/bootstrap_defs.h for the error codes.
Marionette threw an error: TypeError: this.curBrowser.contentBrowser is null
GeckoDriver.prototype.get@chrome://marionette/content/driver.js:1060:3

2018-05-01 15:54:30.510 plugin-container[55038:15619329] *** CFMessagePort: bootstrap_register(): failed 1100 (0x44c) 'Permission denied', port = 0x7b0b, name = 'com.apple.tsm.portname'
See /usr/include/servers/bootstrap_defs.h for the error codes.
